2024-06-19 11:50:46 - INFO - 339 linhas inseridas nas tabelas no esquema FIRMS
2024-06-19 12:03:10 - INFO - 339 linhas inseridas nas tabelas no esquema FIRMS
2024-06-19 12:16:49 - INFO - 339 linhas inseridas nas tabelas no esquema FIRMS
2024-06-20 06:00:45 - INFO - 254 linhas inseridas nas tabelas no esquema FIRMS
2024-06-21 06:00:46 - INFO - 196 linhas inseridas nas tabelas no esquema FIRMS
2024-06-22 06:00:46 - INFO - 321 linhas inseridas nas tabelas no esquema FIRMS
2024-06-24 06:00:47 - INFO - 605 linhas inseridas nas tabelas no esquema FIRMS
2024-06-24 10:00:25 - INFO - 1725 linhas inseridas nas tabelas no esquema FIRMS
2024-06-24 10:01:36 - INFO - 605 linhas inseridas nas tabelas no esquema FIRMS
2024-06-24 18:11:10 - INFO - 1003 linhas inseridas nas tabelas no esquema FIRMS
2024-06-25 06:00:44 - INFO - 651 linhas inseridas nas tabelas no esquema FIRMS
2024-06-26 06:00:47 - INFO - 231 linhas inseridas nas tabelas no esquema FIRMS
2024-06-26 15:42:26 - INFO - 231 linhas inseridas nas tabelas no esquema FIRMS
2024-06-26 15:47:32 - INFO - 1072 linhas inseridas nas tabelas no esquema FIRMS
2024-06-26 15:48:52 - INFO - 231 linhas inseridas nas tabelas no esquema FIRMS
2024-06-26 16:58:47 - INFO - 391 linhas inseridas nas tabelas no esquema FIRMS
2024-06-26 17:39:16 - INFO - 1072 linhas inseridas nas tabelas no esquema FIRMS
2024-06-27 06:00:46 - INFO - 127 linhas inseridas nas tabelas no esquema FIRMS
2024-06-27 17:31:04 - INFO - 345 linhas inseridas nas tabelas no esquema FIRMS
2024-06-28 06:00:29 - INFO - 14 linhas inseridas nas tabelas no esquema FIRMS
2024-06-28 17:40:27 - INFO - 468 linhas inseridas nas tabelas no esquema FIRMS
2024-06-29 06:00:44 - INFO - 28 linhas inseridas nas tabelas no esquema FIRMS
2024-07-01 16:00:02 - INFO - 147 linhas inseridas nas tabelas no esquema FIRMS
2024-07-01 16:11:23 - INFO - 107 linhas inseridas nas tabelas no esquema FIRMS
2024-07-01 16:38:54 - INFO - 356 linhas inseridas nas tabelas no esquema FIRMS
2024-07-01 18:20:48 - INFO - 22 linhas inseridas nas tabelas no esquema FIRMS
2024-07-01 18:22:11 - INFO - 0 linhas inseridas nas tabelas no esquema FIRMS
2024-07-02 06:00:58 - INFO - 14 linhas inseridas nas tabelas no esquema FIRMS
2024-07-02 10:53:41 - INFO - 0 linhas inseridas nas tabelas no esquema FIRMS
2024-07-02 10:54:17 - INFO - 0 linhas inseridas nas tabelas no esquema FIRMS
2024-07-02 11:02:16 - INFO - 0 linhas inseridas nas tabelas no esquema FIRMS
2024-07-02 11:03:47 - INFO - 51 linhas inseridas nas tabelas no esquema FIRMS
2024-07-02 16:01:21 - INFO - 128 linhas inseridas nas tabelas no esquema FIRMS
2024-07-03 06:00:49 - INFO - 42 linhas inseridas nas tabelas no esquema FIRMS
2024-07-03 16:01:22 - INFO - 153 linhas inseridas nas tabelas no esquema FIRMS
2024-07-04 06:00:29 - INFO - 215 linhas inseridas nas tabelas no esquema FIRMS
2024-07-04 16:01:12 - INFO - 0 linhas inseridas nas tabelas no esquema FIRMS
2024-07-04 17:01:01 - INFO - 0 linhas inseridas nas tabelas no esquema FIRMS
2024-07-04 17:39:55 - INFO - 387 linhas inseridas nas tabelas no esquema FIRMS
2024-07-04 17:40:16 - INFO - 0 linhas inseridas nas tabelas no esquema FIRMS
2024-07-04 17:42:27 - INFO - 0 linhas inseridas nas tabelas no esquema FIRMS
2024-07-05 06:00:49 - INFO - 33 linhas inseridas nas tabelas no esquema FIRMS
2024-07-05 17:27:56 - INFO - 344 linhas inseridas nas tabelas no esquema FIRMS
2024-07-05 17:28:24 - INFO - 0 linhas inseridas nas tabelas no esquema FIRMS
2024-07-05 17:30:50 - INFO - 0 linhas inseridas nas tabelas no esquema FIRMS
2024-07-06 06:01:05 - INFO - 242 linhas inseridas nas tabelas no esquema FIRMS
2024-07-06 17:01:28 - INFO - 81 linhas inseridas nas tabelas no esquema FIRMS
2024-07-07 17:01:27 - INFO - 5 linhas inseridas nas tabelas no esquema FIRMS
2024-07-08 06:00:46 - INFO - 0 linhas inseridas nas tabelas no esquema FIRMS
2024-07-08 17:01:09 - INFO - 22 linhas inseridas nas tabelas no esquema FIRMS
2024-07-09 06:01:03 - INFO - 0 linhas inseridas nas tabelas no esquema FIRMS
2024-07-09 17:01:31 - INFO - 0 linhas inseridas nas tabelas no esquema FIRMS
2024-07-10 06:00:52 - INFO - 4 linhas inseridas nas tabelas no esquema FIRMS
2024-07-10 17:01:07 - INFO - 1 linhas inseridas nas tabelas no esquema FIRMS
2024-07-11 17:01:07 - INFO - 7 linhas inseridas nas tabelas no esquema FIRMS
2024-07-12 09:46:50 - INFO - 0 linhas inseridas nas tabelas no esquema FIRMS
2024-07-12 17:01:07 - INFO - 4 linhas inseridas nas tabelas no esquema FIRMS
2024-07-13 17:01:07 - INFO - 20 linhas inseridas nas tabelas no esquema FIRMS
2024-07-15 10:49:47 - INFO - 0 linhas inseridas nas tabelas no esquema FIRMS  ---- 14/07
2024-07-15 10:51:30 - INFO - 0 linhas inseridas nas tabelas no esquema FIRMS  ---- 14/07
2024-07-15 10:54:31 - INFO - 4 linhas inseridas nas tabelas no esquema FIRMS
2024-07-15 11:08:57 - INFO - 0 linhas inseridas nas tabelas no esquema FIRMS -- Novo C칩digo
2024-07-15 11:09:18 - INFO - 0 linhas inseridas nas tabelas no esquema FIRMS -- Novo C칩digo
2024-07-15 11:10:33 - INFO - 4 linhas inseridas nas tabelas no esquema FIRMS -- Novo C칩digo
2024-07-15 11:13:43 - INFO - 0 linhas inseridas nas tabelas no esquema FIRMS   -- Novo C칩digo
2024-07-15 11:14:12 - INFO - 0 linhas inseridas nas tabelas no esquema FIRMS -- Novo C칩digo
2024-07-15 11:18:49 - INFO - 0 linhas inseridas nas tabelas no esquema FIRMS -- Novo C칩digo
2024-07-15 11:20:32 - INFO - 0 linhas inseridas nas tabelas no esquema FIRMS -- Novo C칩digo
2024-07-15 11:21:40 - INFO - 0 linhas inseridas nas tabelas no esquema FIRMS  -- Novo C칩digo
2024-07-15 11:23:10 - INFO - 13 linhas inseridas nas tabelas no esquema FIRMS ----- 14/07
2024-07-15 11:24:47 - INFO - 0 linhas inseridas nas tabelas no esquema FIRMS ---- TESTE AGENDADOR DE TAREFAS
2024-07-16 15:34:39 - ERROR - Erro durante a execu巫o: 'NoneType' object is not subscriptable
Traceback (most recent call last):
  File "E:\BD_IHP\Automacoes\FIRMS\FirmsAtualizacao\main.py", line 74, in main
    last_detection_time = get_last_detection_time(cur, schema_name, tabela_trabalhada)
                          ^^^^^^^^^^^^^^^^^^^^^^^^^^^^^^^^^^^^^^^^^^^^^^^^^^^^^^^^^^^^
  File "E:\BD_IHP\Automacoes\FIRMS\FirmsAtualizacao\data\database.py", line 33, in get_last_detection_time
    print(f'Pegando a hora da ultima detec巫o --- {result[0]}')
                                                   ~~~~~~^^^
TypeError: 'NoneType' object is not subscriptable
2024-07-16 15:35:10 - ERROR - Erro durante a execu巫o: 'NoneType' object is not subscriptable
Traceback (most recent call last):
  File "E:\BD_IHP\Automacoes\FIRMS\FirmsAtualizacao\main.py", line 74, in main
    last_detection_time = get_last_detection_time(cur, schema_name, tabela_trabalhada)
                          ^^^^^^^^^^^^^^^^^^^^^^^^^^^^^^^^^^^^^^^^^^^^^^^^^^^^^^^^^^^^
  File "E:\BD_IHP\Automacoes\FIRMS\FirmsAtualizacao\data\database.py", line 33, in get_last_detection_time
    print(f'Pegando a hora da ultima detec巫o --- {result[0]}')
                                                   ~~~~~~^^^
TypeError: 'NoneType' object is not subscriptable
2024-07-16 15:39:47 - INFO - 0 linhas inseridas nas tabelas no esquema FIRMS
2024-07-16 15:41:19 - INFO - 0 linhas inseridas nas tabelas no esquema FIRMS
2024-07-16 15:43:44 - INFO - 0 linhas inseridas nas tabelas no esquema FIRMS
2024-07-16 15:44:29 - INFO - 0 linhas inseridas nas tabelas no esquema FIRMS
2024-07-16 17:00:06 - ERROR - Erro durante a execu巫o: [Errno 13] Permission denied: 'firms_data.csv'
Traceback (most recent call last):
  File "E:\BD_IHP\Automacoes\FIRMS\FirmsAtualizacao\main.py", line 34, in main
    download_csv(url, csv_filename)
  File "E:\BD_IHP\Automacoes\FIRMS\FirmsAtualizacao\data\data_processing.py", line 11, in download_csv
    with open(filename, 'wb') as file:
         ^^^^^^^^^^^^^^^^^^^^
PermissionError: [Errno 13] Permission denied: 'firms_data.csv'
2024-07-16 17:12:32 - ERROR - Erro durante a execu巫o: [Errno 13] Permission denied: 'firms_data.csv'
Traceback (most recent call last):
  File "E:\BD_IHP\Automacoes\FIRMS\FirmsAtualizacao\main.py", line 34, in main
    download_csv(url, csv_filename)
  File "E:\BD_IHP\Automacoes\FIRMS\FirmsAtualizacao\data\data_processing.py", line 11, in download_csv
    with open(filename, 'wb') as file:
         ^^^^^^^^^^^^^^^^^^^^
PermissionError: [Errno 13] Permission denied: 'firms_data.csv'
2024-07-16 17:13:19 - INFO - 5 linhas inseridas nas tabelas no esquema FIRMS
2024-07-17 06:40:09 - INFO - 4 linhas inseridas nas tabelas no esquema FIRMS
2024-07-17 17:00:12 - ERROR - Erro durante a execu巫o: column "geom" of relation "julho_2024" does not exist
LINE 4: ...sion, frp, instrument, satellite, track, hora_deteccao, geom
                                                                   ^
Traceback (most recent call last):
  File "E:\BD_IHP\Automacoes\FIRMS\FirmsAtualizacao\main.py", line 66, in main
    insert_data_to_db(data_to_insert, schema_name, conn)
  File "E:\BD_IHP\Automacoes\FIRMS\FirmsAtualizacao\data\database.py", line 47, in insert_data_to_db
    cur.executemany(insert_query.format(table_name), data)
psycopg2.errors.UndefinedColumn: column "geom" of relation "julho_2024" does not exist
LINE 4: ...sion, frp, instrument, satellite, track, hora_deteccao, geom
                                                                   ^

2024-07-17 18:33:33 - ERROR - Erro durante a execu巫o: column "geom" of relation "julho_2024" does not exist
LINE 4: ...sion, frp, instrument, satellite, track, hora_deteccao, geom
                                                                   ^
Traceback (most recent call last):
  File "E:\BD_IHP\Automacoes\FIRMS\FirmsAtualizacao\main.py", line 66, in main
    insert_data_to_db(data_to_insert, schema_name, conn)
  File "E:\BD_IHP\Automacoes\FIRMS\FirmsAtualizacao\data\database.py", line 47, in insert_data_to_db
    cur.executemany(insert_query.format(table_name), data)
psycopg2.errors.UndefinedColumn: column "geom" of relation "julho_2024" does not exist
LINE 4: ...sion, frp, instrument, satellite, track, hora_deteccao, geom
                                                                   ^

2024-07-17 18:33:45 - INFO - 0 linhas inseridas nas tabelas no esquema FIRMS
2024-07-17 18:34:14 - ERROR - Erro durante a execu巫o: column "geom" of relation "julho_2024" does not exist
LINE 4: ...sion, frp, instrument, satellite, track, hora_deteccao, geom
                                                                   ^
Traceback (most recent call last):
  File "E:\BD_IHP\Automacoes\FIRMS\FirmsAtualizacao\FIRMS_old.py", line 179, in <module>
    cur.executemany(insert_query.format(table_name), data)
psycopg2.errors.UndefinedColumn: column "geom" of relation "julho_2024" does not exist
LINE 4: ...sion, frp, instrument, satellite, track, hora_deteccao, geom
                                                                   ^

2024-07-18 06:40:09 - ERROR - Erro durante a execu巫o: column "geom" of relation "julho_2024" does not exist
LINE 4: ...sion, frp, instrument, satellite, track, hora_deteccao, geom
                                                                   ^
Traceback (most recent call last):
  File "E:\BD_IHP\Automacoes\FIRMS\FirmsAtualizacao\main.py", line 66, in main
    insert_data_to_db(data_to_insert, schema_name, conn)
  File "E:\BD_IHP\Automacoes\FIRMS\FirmsAtualizacao\data\database.py", line 47, in insert_data_to_db
    cur.executemany(insert_query.format(table_name), data)
psycopg2.errors.UndefinedColumn: column "geom" of relation "julho_2024" does not exist
LINE 4: ...sion, frp, instrument, satellite, track, hora_deteccao, geom
                                                                   ^

2024-07-18 09:49:57 - ERROR - Erro durante a execu巫o: Geometry SRID (4674) does not match column SRID (4326)
Traceback (most recent call last):
  File "E:\BD_IHP\Automacoes\FIRMS\FirmsAtualizacao\main.py", line 66, in main
    insert_data_to_db(data_to_insert, schema_name, conn)
  File "E:\BD_IHP\Automacoes\FIRMS\FirmsAtualizacao\data\database.py", line 47, in insert_data_to_db
    cur.executemany(insert_query.format(table_name), data)
psycopg2.errors.InvalidParameterValue: Geometry SRID (4674) does not match column SRID (4326)

2024-07-18 09:52:27 - INFO - 4 linhas inseridas nas tabelas no esquema FIRMS
2024-07-18 09:54:19 - INFO - 0 linhas inseridas nas tabelas no esquema FIRMS
2024-07-18 09:55:11 - INFO - 18 linhas inseridas nas tabelas no esquema FIRMS
2024-07-18 09:55:32 - INFO - 10 linhas inseridas nas tabelas no esquema FIRMS
2024-07-18 09:55:44 - INFO - 23 linhas inseridas nas tabelas no esquema FIRMS
2024-07-18 09:55:55 - INFO - 13 linhas inseridas nas tabelas no esquema FIRMS
2024-07-18 09:59:39 - INFO - 13 linhas inseridas nas tabelas no esquema FIRMS
2024-07-18 09:59:52 - INFO - 23 linhas inseridas nas tabelas no esquema FIRMS
2024-07-18 10:00:02 - INFO - 10 linhas inseridas nas tabelas no esquema FIRMS
2024-07-18 10:00:12 - INFO - 18 linhas inseridas nas tabelas no esquema FIRMS
2024-07-18 10:00:23 - INFO - 4 linhas inseridas nas tabelas no esquema FIRMS
2024-07-18 17:00:16 - INFO - 33 linhas inseridas nas tabelas no esquema FIRMS
2024-07-19 06:40:08 - INFO - 0 linhas inseridas nas tabelas no esquema FIRMS
2024-07-19 16:38:35 - INFO - 35 linhas inseridas nas tabelas no esquema FIRMS
2024-07-19 17:00:09 - INFO - 0 linhas inseridas nas tabelas no esquema FIRMS
2024-07-19 18:05:13 - INFO - 70 linhas inseridas nas tabelas no esquema FIRMS
2024-07-20 06:40:09 - INFO - 37 linhas inseridas nas tabelas no esquema FIRMS
2024-07-20 17:00:14 - INFO - 0 linhas inseridas nas tabelas no esquema FIRMS
2024-07-21 06:40:10 - INFO - 82 linhas inseridas nas tabelas no esquema FIRMS
2024-07-21 17:00:10 - INFO - 0 linhas inseridas nas tabelas no esquema FIRMS
2024-07-22 06:40:09 - INFO - 121 linhas inseridas nas tabelas no esquema FIRMS
2024-07-22 17:00:13 - INFO - 115 linhas inseridas nas tabelas no esquema FIRMS
2024-07-23 06:40:09 - INFO - 18 linhas inseridas nas tabelas no esquema FIRMS
2024-07-23 17:00:20 - INFO - 70 linhas inseridas nas tabelas no esquema FIRMS
2024-07-24 06:40:10 - INFO - 78 linhas inseridas nas tabelas no esquema FIRMS
2024-07-24 17:00:28 - INFO - 257 linhas inseridas nas tabelas no esquema FIRMS
2024-07-25 06:40:20 - INFO - 303 linhas inseridas nas tabelas no esquema FIRMS
2024-07-25 17:00:26 - INFO - 0 linhas inseridas nas tabelas no esquema FIRMS
2024-07-26 06:40:15 - INFO - 0 linhas inseridas nas tabelas no esquema FIRMS
2024-07-26 17:00:25 - INFO - 656 linhas inseridas nas tabelas no esquema FIRMS
2024-07-27 06:40:15 - INFO - 175 linhas inseridas nas tabelas no esquema FIRMS
2024-07-27 17:00:26 - INFO - 342 linhas inseridas nas tabelas no esquema FIRMS
2024-07-28 06:40:15 - INFO - 165 linhas inseridas nas tabelas no esquema FIRMS
2024-07-28 17:00:31 - INFO - 419 linhas inseridas nas tabelas no esquema FIRMS
2024-07-29 06:40:18 - INFO - 335 linhas inseridas nas tabelas no esquema FIRMS
2024-07-29 16:05:57 - INFO - 486 linhas inseridas nas tabelas no esquema FIRMS
2024-07-29 17:00:19 - INFO - 0 linhas inseridas nas tabelas no esquema FIRMS
2024-07-30 06:40:14 - INFO - 375 linhas inseridas nas tabelas no esquema FIRMS
2024-07-30 17:00:20 - INFO - 141 linhas inseridas nas tabelas no esquema FIRMS
2024-07-31 06:40:13 - INFO - 166 linhas inseridas nas tabelas no esquema FIRMS
2024-07-31 11:17:19 - INFO - 304 linhas inseridas nas tabelas no esquema FIRMS
2024-07-31 11:20:56 - INFO - 304 linhas inseridas nas tabelas no esquema FIRMS
2024-07-31 11:24:21 - INFO - 304 linhas inseridas nas tabelas no esquema FIRMS
2024-07-31 11:29:12 - INFO - 656 linhas inseridas nas tabelas no esquema FIRMS
2024-07-31 11:50:57 - INFO - ￦tima hora de detec巫o no banco de dados: 17:43:00
2024-07-31 11:50:57 - INFO - Dados filtrados a partir de 17:43:00, total de linhas: 0
2024-07-31 11:50:57 - INFO - 0 linhas inseridas nas tabelas no esquema FIRMS
2024-07-31 17:54:28 - INFO - ￦tima hora de detec巫o no banco de dados: 05:21:00
2024-07-31 17:54:28 - INFO - Dados filtrados a partir de 05:21:00, total de linhas: 486
2024-07-31 17:54:28 - INFO - 486 linhas inseridas nas tabelas no esquema FIRMS
2024-08-01 06:40:12 - INFO - ￦tima hora de detec巫o no banco de dados: None

2024-08-01 09:16:37 - INFO - ￦tima hora de detec巫o no banco de dados: None
2024-08-01 09:16:38 - INFO - 631 linhas inseridas nas tabelas no esquema FIRMS

2024-08-02 09:16:14 - INFO - ￦tima hora de detec巫o no banco de dados: 17:43:00
2024-08-02 09:16:14 - INFO - Dados filtrados a partir de 17:43:00, total de linhas: 0
2024-08-02 09:16:14 - INFO - 0 linhas inseridas nas tabelas no esquema FIRMS
2024-08-02 09:17:43 - INFO - ￦tima hora de detec巫o no banco de dados: None
2024-08-02 09:17:44 - INFO - 1790 linhas inseridas nas tabelas no esquema FIRMS
2024-08-02 09:22:31 - INFO - ￦tima hora de detec巫o no banco de dados: None
2024-08-02 09:22:31 - INFO - 1790 linhas inseridas nas tabelas no esquema FIRMS
2024-08-02 09:23:41 - INFO - ￦tima hora de detec巫o no banco de dados: None
2024-08-02 09:23:42 - INFO - 1501 linhas inseridas nas tabelas no esquema FIRMS
2024-08-02 17:00:53 - INFO - ￦tima hora de detec巫o no banco de dados: 04:42:00
2024-08-02 17:00:53 - INFO - Dados filtrados a partir de 04:42:00, total de linhas: 1549
2024-08-02 17:00:53 - INFO - 1549 linhas inseridas nas tabelas no esquema FIRMS
2024-08-03 06:40:30 - INFO - ￦tima hora de detec巫o no banco de dados: None
2024-08-03 06:40:31 - INFO - 1280 linhas inseridas nas tabelas no esquema FIRMS
2024-08-03 17:00:41 - INFO - ￦tima hora de detec巫o no banco de dados: 06:03:00
2024-08-03 17:00:41 - INFO - Dados filtrados a partir de 06:03:00, total de linhas: 1654
2024-08-03 17:00:42 - INFO - 1654 linhas inseridas nas tabelas no esquema FIRMS
2024-08-04 06:40:10 - INFO - ￦tima hora de detec巫o no banco de dados: None
2024-08-04 06:40:11 - INFO - 590 linhas inseridas nas tabelas no esquema FIRMS
2024-08-04 17:00:28 - INFO - ￦tima hora de detec巫o no banco de dados: 05:46:00
2024-08-04 17:00:28 - INFO - Dados filtrados a partir de 05:46:00, total de linhas: 1102
2024-08-04 17:00:28 - INFO - 1102 linhas inseridas nas tabelas no esquema FIRMS
2024-08-05 06:40:12 - INFO - ￦tima hora de detec巫o no banco de dados: None
2024-08-05 06:40:13 - INFO - 919 linhas inseridas nas tabelas no esquema FIRMS
2024-08-05 17:00:31 - INFO - ￦tima hora de detec巫o no banco de dados: 05:25:00
2024-08-05 17:00:31 - INFO - Dados filtrados a partir de 05:25:00, total de linhas: 0
2024-08-05 17:00:31 - INFO - 0 linhas inseridas nas tabelas no esquema FIRMS
2024-08-06 06:40:20 - INFO - ￦tima hora de detec巫o no banco de dados: None
2024-08-06 06:40:21 - INFO - 1474 linhas inseridas nas tabelas no esquema FIRMS
2024-08-06 17:00:37 - INFO - ￦tima hora de detec巫o no banco de dados: 05:08:00
2024-08-06 17:00:37 - INFO - Dados filtrados a partir de 05:08:00, total de linhas: 1673
2024-08-06 17:00:38 - INFO - 1673 linhas inseridas nas tabelas no esquema FIRMS
2024-08-07 06:40:21 - INFO - ￦tima hora de detec巫o no banco de dados: None
2024-08-07 06:40:22 - INFO - 2705 linhas inseridas nas tabelas no esquema FIRMS
2024-08-07 17:00:45 - INFO - ￦tima hora de detec巫o no banco de dados: 04:49:00
2024-08-07 17:00:45 - INFO - Dados filtrados a partir de 04:49:00, total de linhas: 1610
2024-08-07 17:00:46 - INFO - 1610 linhas inseridas nas tabelas no esquema FIRMS


2024-08-08 15:12:30 - INFO - ￦tima hora de detec巫o no banco de dados: None
2024-08-08 15:12:31 - INFO - 445 linhas inseridas nas tabelas no esquema FIRMS
2024-08-08 17:00:24 - INFO - ￦tima hora de detec巫o no banco de dados: 04:29:00
2024-08-08 17:00:24 - INFO - Dados filtrados a partir de 04:29:00, total de linhas: 0
2024-08-08 17:00:24 - INFO - 0 linhas inseridas nas tabelas no esquema FIRMS
2024-08-09 06:40:20 - INFO - ￦tima hora de detec巫o no banco de dados: None
2024-08-09 06:40:20 - INFO - 0 linhas inseridas nas tabelas no esquema FIRMS
2024-08-09 17:00:27 - INFO - ￦tima hora de detec巫o no banco de dados: None
2024-08-09 17:00:27 - INFO - 0 linhas inseridas nas tabelas no esquema FIRMS
2024-08-10 06:40:11 - INFO - ￦tima hora de detec巫o no banco de dados: None
2024-08-10 06:40:11 - ERROR - Erro durante a execu巫o: tuple indices must be integers or slices, not str
Traceback (most recent call last):
  File "E:\BD_IHP\Automacoes\FIRMS\FirmsAtualizacao\main.py", line 59, in main
    table_name = get_table_name(row['acq_date'].strftime('%Y-%m-%d'))
                                ~~~^^^^^^^^^^^^
TypeError: tuple indices must be integers or slices, not str
2024-08-10 17:00:27 - INFO - ￦tima hora de detec巫o no banco de dados: None
2024-08-10 17:00:27 - ERROR - Erro durante a execu巫o: tuple indices must be integers or slices, not str
Traceback (most recent call last):
  File "E:\BD_IHP\Automacoes\FIRMS\FirmsAtualizacao\main.py", line 59, in main
    table_name = get_table_name(row['acq_date'].strftime('%Y-%m-%d'))
                                ~~~^^^^^^^^^^^^
TypeError: tuple indices must be integers or slices, not str
2024-08-11 06:40:15 - INFO - ￦tima hora de detec巫o no banco de dados: None
2024-08-11 06:40:15 - ERROR - Erro durante a execu巫o: tuple indices must be integers or slices, not str
Traceback (most recent call last):
  File "E:\BD_IHP\Automacoes\FIRMS\FirmsAtualizacao\main.py", line 59, in main
    table_name = get_table_name(row['acq_date'].strftime('%Y-%m-%d'))
                                ~~~^^^^^^^^^^^^
TypeError: tuple indices must be integers or slices, not str
2024-08-11 17:00:25 - INFO - ￦tima hora de detec巫o no banco de dados: None
2024-08-11 17:00:25 - ERROR - Erro durante a execu巫o: tuple indices must be integers or slices, not str
Traceback (most recent call last):
  File "E:\BD_IHP\Automacoes\FIRMS\FirmsAtualizacao\main.py", line 59, in main
    table_name = get_table_name(row['acq_date'].strftime('%Y-%m-%d'))
                                ~~~^^^^^^^^^^^^
TypeError: tuple indices must be integers or slices, not str
2024-08-12 06:40:24 - INFO - ￦tima hora de detec巫o no banco de dados: None
2024-08-12 06:40:24 - ERROR - Erro durante a execu巫o: tuple indices must be integers or slices, not str
Traceback (most recent call last):
  File "E:\BD_IHP\Automacoes\FIRMS\FirmsAtualizacao\main.py", line 59, in main
    table_name = get_table_name(row['acq_date'].strftime('%Y-%m-%d'))
                                ~~~^^^^^^^^^^^^
TypeError: tuple indices must be integers or slices, not str
2024-08-12 12:06:09 - INFO - ￦tima hora de detec巫o no banco de dados: None
2024-08-12 12:06:09 - INFO - 416 linhas inseridas nas tabelas no esquema FIRMS
